<?xml version="1.0" encoding="UTF-8"?>
<!-- Generated by org.testng.reporters.JUnitReportReporter -->
<testsuite skipped="0" hostname="DESKTOP-070DR37" name="mainTestcases.HomePage" tests="2" failures="0" timestamp="18 Feb 2020 12:27:37 GMT" time="9.517" errors="0">
  <testcase name="login" time="6.156" classname="mainTestcases.HomePage"/>
  <testcase name="homepage" time="3.361" classname="mainTestcases.HomePage"/>
</testsuite> <!-- mainTestcases.HomePage -->
