<?xml version="1.0" encoding="UTF-8"?>
<!-- Generated by org.testng.reporters.JUnitReportReporter -->
<testsuite skipped="0" hostname="DESKTOP-070DR37" name="mainTestcases.links2" tests="1" failures="0" timestamp="12 Mar 2020 03:08:07 GMT" time="129.704" errors="0">
  <testcase name="testLinks" time="129.704" classname="mainTestcases.links2"/>
</testsuite> <!-- mainTestcases.links2 -->
