<?xml version="1.0" encoding="UTF-8"?>
<!-- Generated by org.testng.reporters.JUnitReportReporter -->
<testsuite skipped="0" hostname="DESKTOP-070DR37" name="mainTestcases.Dashboard" tests="2" failures="0" timestamp="09 Mar 2020 14:28:38 GMT" time="13.277" errors="0">
  <testcase name="login" time="10.422" classname="mainTestcases.Dashboard"/>
  <testcase name="dashboard" time="2.855" classname="mainTestcases.Dashboard"/>
</testsuite> <!-- mainTestcases.Dashboard -->
