<?xml version="1.0" encoding="UTF-8"?>
<!-- Generated by org.testng.reporters.JUnitReportReporter -->
<testsuite skipped="0" hostname="DESKTOP-070DR37" name="mainTestcases.Dashboard" tests="2" failures="0" timestamp="06 Apr 2020 13:43:05 GMT" time="24.816" errors="0">
  <testcase name="dashboard" time="14.246" classname="mainTestcases.Dashboard"/>
  <testcase name="login" time="10.570" classname="mainTestcases.Dashboard"/>
</testsuite> <!-- mainTestcases.Dashboard -->
