<?xml version="1.0" encoding="UTF-8"?>
<!-- Generated by org.testng.reporters.JUnitReportReporter -->
<testsuite skipped="0" hostname="DESKTOP-070DR37" name="mainTestcases.Assigned" tests="2" failures="0" timestamp="20 Feb 2020 11:42:25 GMT" time="25.057" errors="0">
  <testcase name="login" time="7.126" classname="mainTestcases.Assigned"/>
  <testcase name="val_time" time="17.931" classname="mainTestcases.Assigned"/>
</testsuite> <!-- mainTestcases.Assigned -->
