<?xml version="1.0" encoding="UTF-8"?>
<!-- Generated by org.testng.reporters.JUnitReportReporter -->
<testsuite skipped="0" hostname="DESKTOP-070DR37" name="mainTestcases.links" tests="1" failures="0" timestamp="11 Mar 2020 21:01:29 GMT" time="140.996" errors="0">
  <testcase name="testLinks" time="140.996" classname="mainTestcases.links"/>
</testsuite> <!-- mainTestcases.links -->
