<?xml version="1.0" encoding="UTF-8"?>
<!-- Generated by org.testng.reporters.JUnitReportReporter -->
<testsuite skipped="0" hostname="DESKTOP-070DR37" name="mainTestcases.PendingUsecases" tests="2" failures="0" timestamp="11 Mar 2020 08:03:54 GMT" time="32.973" errors="0">
  <testcase name="login" time="10.363" classname="mainTestcases.PendingUsecases"/>
  <testcase name="pendingcases" time="22.610" classname="mainTestcases.PendingUsecases"/>
</testsuite> <!-- mainTestcases.PendingUsecases -->
