<?xml version="1.0" encoding="UTF-8"?>
<!-- Generated by org.testng.reporters.JUnitReportReporter -->
<testsuite skipped="0" hostname="DESKTOP-070DR37" name="common.BaseClass" tests="1" failures="0" timestamp="22 Jan 2020 12:16:43 GMT" time="6.661" errors="0">
  <testcase name="login" time="6.661" classname="common.BaseClass"/>
</testsuite> <!-- common.BaseClass -->
