<?xml version="1.0" encoding="UTF-8"?>
<!-- Generated by org.testng.reporters.JUnitReportReporter -->
<testsuite skipped="1" hostname="DESKTOP-070DR37" name="mainTestcases.web" tests="2" failures="0" timestamp="11 Mar 2020 19:59:44 GMT" time="4.593" errors="0">
  <testcase name="setup" time="4.593" classname="mainTestcases.web"/>
  <testcase name="tefdg" time="0.000" classname="mainTestcases.web">
    <skipped/>
  </testcase> <!-- tefdg -->
</testsuite> <!-- mainTestcases.web -->
