<?xml version="1.0" encoding="UTF-8"?>
<!-- Generated by org.testng.reporters.JUnitReportReporter -->
<testsuite skipped="0" hostname="DESKTOP-070DR37" name="mainTestcases.UndertheHood" tests="2" failures="0" timestamp="02 Mar 2020 12:30:13 GMT" time="347.608" errors="0">
  <testcase name="login" time="10.101" classname="mainTestcases.UndertheHood"/>
  <testcase name="Underhood_afterEdited" time="337.507" classname="mainTestcases.UndertheHood"/>
</testsuite> <!-- mainTestcases.UndertheHood -->
