<?xml version="1.0" encoding="UTF-8"?>
<!-- Generated by org.testng.reporters.JUnitReportReporter -->
<testsuite skipped="0" hostname="DESKTOP-070DR37" name="mainTestcases.loginAfterDenyPermissions" tests="1" failures="0" timestamp="19 Feb 2020 11:55:47 GMT" time="26.724" errors="0">
  <testcase name="login" time="26.724" classname="mainTestcases.loginAfterDenyPermissions"/>
</testsuite> <!-- mainTestcases.loginAfterDenyPermissions -->
