<?xml version="1.0" encoding="UTF-8"?>
<!-- Generated by org.testng.reporters.JUnitReportReporter -->
<testsuite skipped="0" hostname="DESKTOP-070DR37" name="mainTestcases.ChnagePassword" tests="4" failures="0" timestamp="19 Feb 2020 10:15:49 GMT" time="93.318" errors="0">
  <testcase name="login" time="7.301" classname="mainTestcases.ChnagePassword"/>
  <testcase name="Changepassword" time="8.579" classname="mainTestcases.ChnagePassword"/>
  <testcase name="Changepassword_negative" time="73.826" classname="mainTestcases.ChnagePassword"/>
  <testcase name="logout" time="3.612" classname="mainTestcases.ChnagePassword"/>
</testsuite> <!-- mainTestcases.ChnagePassword -->
