<?xml version="1.0" encoding="UTF-8"?>
<!-- Generated by org.testng.reporters.JUnitReportReporter -->
<testsuite skipped="0" hostname="DESKTOP-070DR37" name="mainTestcases.Assigned" tests="1" failures="0" timestamp="06 Apr 2020 08:17:03 GMT" time="21.993" errors="0">
  <testcase name="Leaddetails" time="21.993" classname="mainTestcases.Assigned"/>
</testsuite> <!-- mainTestcases.Assigned -->
