<?xml version="1.0" encoding="UTF-8"?>
<!-- Generated by org.testng.reporters.JUnitReportReporter -->
<testsuite skipped="0" hostname="DESKTOP-070DR37" name="mainTestcases.workbook" tests="1" failures="0" timestamp="11 Mar 2020 19:50:10 GMT" time="0.731" errors="0">
  <testcase name="main" time="0.731" classname="mainTestcases.workbook"/>
</testsuite> <!-- mainTestcases.workbook -->
